#
# A fatal error has been detected by the Java Runtime Environment:
#
#  SIGBUS (0x7) at pc=0x00007f8196f73ecd, pid=28926, tid=0x00007f816d89e700
#
# JRE version: OpenJDK Runtime Environment (8.0_171-b11) (build 1.8.0_171-8u171-b11-0ubuntu0.16.04.1-b11)
# Java VM: OpenJDK 64-Bit Server VM (25.171-b11 mixed mode linux-amd64 compressed oops)
# Problematic frame:
# C  [libzip.so+0x4ecd]
#
# Failed to write core dump. Core dumps have been disabled. To enable core dumping, try "ulimit -c unlimited" before starting Java again
#
# If you would like to submit a bug report, please visit:
#   http://bugreport.java.com/bugreport/crash.jsp
# The crash happened outside the Java Virtual Machine in native code.
# See problematic frame for where to report the bug.
#

---------------  T H R E A D  ---------------

Current thread (0x00007f80bc03c800):  JavaThread "Task worker for ':'" [_thread_in_native, id=8714, stack(0x00007f816d79e000,0x00007f816d89f000)]

siginfo: si_signo: 7 (SIGBUS), si_code: 2 (BUS_ADRERR), si_addr: 0x00007f816cf97102

Registers:
RAX=0x00007f80ac05f6b0, RBX=0x00007f80ac0e9f50, RCX=0x00007f816cf970e2, RDX=0x00007f80ac05f6b0
RSP=0x00007f816d898480, RBP=0x00007f816d8984f0, RSI=0x00007f80ac000038, RDI=0x0000000000000003
R8 =0x0000000000000000, R9 =0x00007f819d96f040, R10=0x00007f818809b3d8, R11=0x00000000ed048958
R12=0x00007f80ac213078, R13=0x00007f816d898577, R14=0x00007f80ac212c40, R15=0x00007f80ac05f6b0
RIP=0x00007f8196f73ecd, EFLAGS=0x0000000000010206, CSGSFS=0x002b000000000033, ERR=0x0000000000000004
  TRAPNO=0x000000000000000e

Top of Stack: (sp=0x00007f816d898480)
0x00007f816d898480:   00000000c06634b8 00000000c12e4150
0x00007f816d898490:   0000000000000000 00000000000156eb
0x00007f816d8984a0:   0000000000005b03 0000000000000030
0x00007f816d8984b0:   00000000bc03c800 00007f819d2ece70
0x00007f816d8984c0:   0000000000000018 00007f80ac213070
0x00007f816d8984d0:   00000000562cfb1e 00007f816d898577
0x00007f816d8984e0:   00007f80ac212c40 00007f80ac0e9f50
0x00007f816d8984f0:   00007f816d898540 00007f8196f74c64
0x00007f816d898500:   00007f816d898560 0000001800b97700
0x00007f816d898510:   00007f816d898540 0000000000000018
0x00007f816d898520:   00007f80bc03c9e0 00000000ece421a0
0x00007f816d898530:   00007f816d8989b8 00007f80ac0e9f50
0x00007f816d898540:   00007f816d8989a0 00007f8196f72bcc
0x00007f816d898550:   00007f816d898560 000000009dddc0be
0x00007f816d898560:   7373612f65746973 2f7373632f737465
0x00007f816d898570:   7373632e6e69616d 6e6174532f666100
0x00007f816d898580:   6169442d64726164 6c6d782e7463656c
0x00007f816d898590:   0000010600000000 00007f819e0ea2e9
0x00007f816d8985a0:   0000000000000000 00007f817c2ca19b
0x00007f816d8985b0:   00007f80bc03c9e0 00000000ece10fe0
0x00007f816d8985c0:   0000000000000000 0000000000000001
0x00007f816d8985d0:   00007f816d898620 00007f818906f28b
0x00007f816d8985e0:   00000000ece10e18 00007f819e0ea2e9
0x00007f816d8985f0:   0000000000000000 00007f817c2ca19b
0x00007f816d898600:   00007f80bc03c800 00000000ece10fe0
0x00007f816d898610:   0000000000000000 00007f819e0ea2e9
0x00007f816d898620:   0000000000000000 00007f817c2ca19b
0x00007f816d898630:   0000001200000001 00007f819e0ea2e9
0x00007f816d898640:   0000000000000000 00007f817c2ca19b
0x00007f816d898650:   00007f816d8986a0 00000000ece10fe0
0x00007f816d898660:   0000000000000000 0000000000000001
0x00007f816d898670:   00007f816d8986c0 00007f818906f28b 

Instructions: (pc=0x00007f8196f73ecd)
0x00007f8196f73ead:   40 30 00 00 00 00 48 c7 40 28 00 00 00 00 0f 84
0x00007f8196f73ebd:   bf 01 00 00 49 8b 0c 24 48 2b 4b 28 48 03 4b 18
0x00007f8196f73ecd:   0f b7 41 20 44 0f b7 69 1c 49 89 ce 44 0f b7 61
0x00007f8196f73edd:   1e 89 45 c0 41 8b 46 0c 48 c7 45 c8 00 00 00 00 

Register to memory mapping:

RAX=0x00007f80ac05f6b0 is an unknown value
RBX=0x00007f80ac0e9f50 is an unknown value
RCX=0x00007f816cf970e2 is an unknown value
RDX=0x00007f80ac05f6b0 is an unknown value
RSP=0x00007f816d898480 is pointing into the stack for thread: 0x00007f80bc03c800
RBP=0x00007f816d8984f0 is pointing into the stack for thread: 0x00007f80bc03c800
RSI=0x00007f80ac000038 is an unknown value
RDI=0x0000000000000003 is an unknown value
R8 =0x0000000000000000 is an unknown value
R9 =0x00007f819d96f040: <offset 0xefc040> in /usr/lib/jvm/java-8-openjdk-amd64/jre/lib/amd64/server/libjvm.so at 0x00007f819ca73000
R10=0x00007f818809b3d8 is at entry_point+88 in (nmethod*)0x00007f818809b210
R11=0x00000000ed048958 is an oop
